9/7/2020 10:08:32 AM	This log contains information about the import schema operation into project 'Database1' on computer 'IL013413' by user 'Reuben.Tribhuwan'.
9/7/2020 10:08:32 AM	Import of database schema has started.
9/7/2020 10:08:53 AM	Gathering database credentials
9/7/2020 10:08:53 AM	Gathering database options
9/7/2020 10:08:53 AM	Gathering generic database scoped configuration option
9/7/2020 10:08:53 AM	Gathering users
9/7/2020 10:08:53 AM	Gathering roles
9/7/2020 10:08:53 AM	Gathering application roles
9/7/2020 10:08:53 AM	Gathering role memberships
9/7/2020 10:08:53 AM	Gathering filegroups
9/7/2020 10:08:53 AM	Gathering full-text catalogs
9/7/2020 10:08:53 AM	Gathering assemblies
9/7/2020 10:08:53 AM	Gathering certificates
9/7/2020 10:08:53 AM	Gathering asymmetric keys
9/7/2020 10:08:53 AM	Gathering symmetric keys
9/7/2020 10:08:53 AM	Gathering encrypted symmetric keys
9/7/2020 10:08:53 AM	Gathering schemas
9/7/2020 10:08:53 AM	Gathering XML schema collections
9/7/2020 10:08:53 AM	Gathering user-defined data types
9/7/2020 10:08:53 AM	Gathering user-defined types
9/7/2020 10:08:53 AM	Gathering table types
9/7/2020 10:08:53 AM	Gathering unique keys for table types
9/7/2020 10:08:53 AM	Gathering primary keys for table types
9/7/2020 10:08:53 AM	Gathering indexes for table types
9/7/2020 10:08:55 AM	Gathering check constraints for table types
9/7/2020 10:08:55 AM	Gathering default constraints for table types
9/7/2020 10:08:55 AM	Gathering partition functions
9/7/2020 10:08:55 AM	Gathering partition schemes
9/7/2020 10:08:55 AM	Gathering functions
9/7/2020 10:08:55 AM	Gathering encrypted functions
9/7/2020 10:08:55 AM	Gathering aggregates
9/7/2020 10:08:55 AM	Gathering procedures
9/7/2020 10:08:55 AM	Gathering encrypted procedures
9/7/2020 10:08:55 AM	Gathering tables
9/7/2020 10:08:55 AM	Gathering primary keys
9/7/2020 10:08:55 AM	Gathering unique constraints
9/7/2020 10:08:56 AM	Gathering foreign keys
9/7/2020 10:08:56 AM	Gathering default constraints
9/7/2020 10:08:56 AM	Gathering check constraints
9/7/2020 10:08:56 AM	Gathering views
9/7/2020 10:08:56 AM	Gathering encrypted views
9/7/2020 10:08:56 AM	Gathering indexes
9/7/2020 10:08:56 AM	Gathering statistics
9/7/2020 10:08:56 AM	Gathering full-text index stoplists
9/7/2020 10:08:56 AM	Gathering search property lists
9/7/2020 10:08:56 AM	Gathering search properties
9/7/2020 10:08:56 AM	Gathering full-text indexes
9/7/2020 10:08:56 AM	Gathering column store indexes
9/7/2020 10:08:56 AM	Gathering spatial indexes
9/7/2020 10:08:56 AM	Gathering XML indexes
9/7/2020 10:08:56 AM	Gathering Selective XML indexes
9/7/2020 10:08:56 AM	Gathering encrypted triggers
9/7/2020 10:08:56 AM	Gathering triggers
9/7/2020 10:08:56 AM	Gathering encrypted and clr ddl triggers
9/7/2020 10:08:56 AM	Gathering ddl triggers
9/7/2020 10:08:56 AM	Creating edge constraints
9/7/2020 10:08:56 AM	Gathering synonyms
9/7/2020 10:08:56 AM	Gathering defaults
9/7/2020 10:08:56 AM	Gathering data constraint uddt bindings
9/7/2020 10:08:56 AM	Gathering rules
9/7/2020 10:08:56 AM	Gathering data constraint uddt bindings
9/7/2020 10:08:56 AM	Gathering message types
9/7/2020 10:08:56 AM	Gathering queues
9/7/2020 10:08:56 AM	Gathering contracts
9/7/2020 10:08:56 AM	Gathering services
9/7/2020 10:08:56 AM	Gathering event notifications
9/7/2020 10:08:56 AM	Gathering remote service bindings
9/7/2020 10:08:56 AM	Gathering broker priorities
9/7/2020 10:08:56 AM	Gathering signatures
9/7/2020 10:08:56 AM	Gathering data compression options
9/7/2020 10:08:56 AM	Gathering sequence types
9/7/2020 10:08:56 AM	Gathering security policies
9/7/2020 10:08:56 AM	Gather column encryption keys
9/7/2020 10:08:56 AM	Gathering column master keys
9/7/2020 10:08:56 AM	Gathering external data sources
9/7/2020 10:08:56 AM	Gathering external file formats
9/7/2020 10:08:56 AM	Gathering external tables
9/7/2020 10:08:56 AM	Gathering extended properties
9/7/2020 10:08:56 AM	Gathering credentials
9/7/2020 10:08:56 AM	Gathering logins
9/7/2020 10:08:56 AM	Gathering server audits
9/7/2020 10:08:57 AM	Scanning project for duplicate elements
9/7/2020 10:08:57 AM	Finished duplicate element processing
9/7/2020 10:08:59 AM	Finished importing database.
9/7/2020 10:08:59 AM	A summary of the import was saved to the following location: C:\Users\reuben.tribhuwan\source\repos\rftribhuwan\C-training\CTraining\Database1\Import Schema Logs\Database1_20200907043832.log
9/7/2020 10:08:59 AM	Click Finish to continue...
